/usr/local/opt/rbenv/versions/2.1.5/bin/ruby -r ./siteconf20160307-797-1bps0wc.rb extconf.rb
checking for ffi_call() in -lffi... yes
checking for ffi_prep_closure()... yes
checking for ffi_raw_call()... yes
checking for ffi_prep_raw_closure()... yes
checking for rb_thread_blocking_region()... yes
checking for rb_thread_call_with_gvl()... yes
checking for rb_thread_call_without_gvl()... yes
checking for ffi_prep_cif_var()... yes
creating extconf.h
creating Makefile

make "DESTDIR=" clean

make "DESTDIR="
compiling ArrayType.c
compiling ClosurePool.c
compiling Variadic.c
compiling Types.c
compiling Platform.c
compiling Buffer.c
compiling Function.c
compiling Pointer.c
compiling LongDouble.c
compiling Thread.c
compiling StructLayout.c
compiling StructByValue.c
compiling ffi.c
compiling MemoryPointer.c
compiling StructByReference.c
compiling Call.c
compiling MappedType.c
compiling LastError.c
compiling Type.c
compiling AbstractMemory.c
compiling DynamicLibrary.c
compiling MethodHandle.c
compiling Struct.c
compiling FunctionInfo.c
compiling DataConverter.c
linking shared-object ffi_c.so

make "DESTDIR=" install
/usr/bin/install -c -m 0755 ffi_c.so ./.gem.20160307-797-1o86ycx
installing default ffi_c libraries
